APP/mimo1.0/Mimo/build/Qt_6_8_0_Clang_arm64_v8a-Debug/android-build/build/intermediates/manifest_merge_blame_file/debug/processDebugMainManifest/manifest-merger-blame-debug-report.txt
1<?xml version="1.0" encoding="utf-8"?>
2<manifest xmlns:android="http://schemas.android.com/apk/res/android"
3    package="org.qtproject.example.Mimo"
4    android:installLocation="auto"
5    android:versionCode="1"
6    android:versionName="1.0" >
7
8    <uses-sdk
9        android:minSdkVersion="28"
10        android:targetSdkVersion="34" />
11
12    <uses-permission android:name="android.permission.INTERNET" />
12-->Qt_6_8_0_Clang_arm64_v8a-Debug\android-build\AndroidManifest.xml:3:5-67
12-->Qt_6_8_0_Clang_arm64_v8a-Debug\android-build\AndroidManifest.xml:3:22-64
13    <uses-permission android:name="android.permission.WRITE_EXTERNAL_STORAGE" />
13-->Qt_6_8_0_Clang_arm64_v8a-Debug\android-build\AndroidManifest.xml:4:5-81
13-->Qt_6_8_0_Clang_arm64_v8a-Debug\android-build\AndroidManifest.xml:4:22-78
14    <uses-permission android:name="android.permission.ACCESS_NETWORK_STATE" />
14-->Qt_6_8_0_Clang_arm64_v8a-Debug\android-build\AndroidManifest.xml:5:5-79
14-->Qt_6_8_0_Clang_arm64_v8a-Debug\android-build\AndroidManifest.xml:5:22-76
15    <uses-permission android:name="android.permission.ACCESS_FINE_LOCATION" />
15-->Qt_6_8_0_Clang_arm64_v8a-Debug\android-build\AndroidManifest.xml:6:5-79
15-->Qt_6_8_0_Clang_arm64_v8a-Debug\android-build\AndroidManifest.xml:6:22-76
16    <uses-permission android:name="android.permission.BLUETOOTH" />
16-->Qt_6_8_0_Clang_arm64_v8a-Debug\android-build\AndroidManifest.xml:7:5-68
16-->Qt_6_8_0_Clang_arm64_v8a-Debug\android-build\AndroidManifest.xml:7:22-65
17    <uses-permission android:name="android.permission.BLUETOOTH_ADMIN" />
17-->Qt_6_8_0_Clang_arm64_v8a-Debug\android-build\AndroidManifest.xml:8:5-74
17-->Qt_6_8_0_Clang_arm64_v8a-Debug\android-build\AndroidManifest.xml:8:22-71
18    <uses-permission android:name="android.permission.BLUETOOTH_SCAN" />
18-->Qt_6_8_0_Clang_arm64_v8a-Debug\android-build\AndroidManifest.xml:9:5-73
18-->Qt_6_8_0_Clang_arm64_v8a-Debug\android-build\AndroidManifest.xml:9:22-70
19    <uses-permission android:name="android.permission.BLUETOOTH_ADVERTISE" />
19-->Qt_6_8_0_Clang_arm64_v8a-Debug\android-build\AndroidManifest.xml:10:5-78
19-->Qt_6_8_0_Clang_arm64_v8a-Debug\android-build\AndroidManifest.xml:10:22-75
20    <uses-permission android:name="android.permission.BLUETOOTH_CONNECT" />
20-->Qt_6_8_0_Clang_arm64_v8a-Debug\android-build\AndroidManifest.xml:11:5-76
20-->Qt_6_8_0_Clang_arm64_v8a-Debug\android-build\AndroidManifest.xml:11:22-73
21
22    <supports-screens
22-->Qt_6_8_0_Clang_arm64_v8a-Debug\android-build\AndroidManifest.xml:13:5-135
23        android:anyDensity="true"
23-->Qt_6_8_0_Clang_arm64_v8a-Debug\android-build\AndroidManifest.xml:13:23-48
24        android:largeScreens="true"
24-->Qt_6_8_0_Clang_arm64_v8a-Debug\android-build\AndroidManifest.xml:13:49-76
25        android:normalScreens="true"
25-->Qt_6_8_0_Clang_arm64_v8a-Debug\android-build\AndroidManifest.xml:13:77-105
26        android:smallScreens="true" />
26-->Qt_6_8_0_Clang_arm64_v8a-Debug\android-build\AndroidManifest.xml:13:106-133
27
28    <uses-permission android:name="android.permission.BLUETOOTH_ADMIN" />
28-->Qt_6_8_0_Clang_arm64_v8a-Debug\android-build\AndroidManifest.xml:8:5-74
28-->Qt_6_8_0_Clang_arm64_v8a-Debug\android-build\AndroidManifest.xml:8:22-71
29    <uses-permission android:name="android.permission.BLUETOOTH" />
29-->Qt_6_8_0_Clang_arm64_v8a-Debug\android-build\AndroidManifest.xml:7:5-68
29-->Qt_6_8_0_Clang_arm64_v8a-Debug\android-build\AndroidManifest.xml:7:22-65
30    <uses-permission android:name="android.permission.ACCESS_COARSE_LOCATION" />
30-->Qt_6_8_0_Clang_arm64_v8a-Debug\android-build\AndroidManifest.xml:31:1-76
30-->Qt_6_8_0_Clang_arm64_v8a-Debug\android-build\AndroidManifest.xml:31:18-74
31    <uses-permission android:name="android.permission.RECORD_AUDIO" />
31-->Qt_6_8_0_Clang_arm64_v8a-Debug\android-build\AndroidManifest.xml:33:1-66
31-->Qt_6_8_0_Clang_arm64_v8a-Debug\android-build\AndroidManifest.xml:33:18-64
32
33    <permission
33-->[androidx.core:core:1.13.1] AndroidManifest.xml:22:5-24:47
34        android:name="org.qtproject.example.Mimo.DYNAMIC_RECEIVER_NOT_EXPORTED_PERMISSION"
34-->[androidx.core:core:1.13.1] AndroidManifest.xml:23:9-81
35        android:protectionLevel="signature" />
35-->[androidx.core:core:1.13.1] AndroidManifest.xml:24:9-44
36
37    <uses-permission android:name="org.qtproject.example.Mimo.DYNAMIC_RECEIVER_NOT_EXPORTED_PERMISSION" />
37-->[androidx.core:core:1.13.1] AndroidManifest.xml:26:5-97
37-->[androidx.core:core:1.13.1] AndroidManifest.xml:26:22-94
38
39    <application
39-->Qt_6_8_0_Clang_arm64_v8a-Debug\android-build\AndroidManifest.xml:14:5-27:19
40        android:name="org.qtproject.qt.android.bindings.QtApplication"
40-->Qt_6_8_0_Clang_arm64_v8a-Debug\android-build\AndroidManifest.xml:14:18-80
41        android:allowBackup="true"
41-->Qt_6_8_0_Clang_arm64_v8a-Debug\android-build\AndroidManifest.xml:14:181-207
42        android:appComponentFactory="androidx.core.app.CoreComponentFactory"
42-->[androidx.core:core:1.13.1] AndroidManifest.xml:28:18-86
43        android:debuggable="true"
44        android:extractNativeLibs="true"
45        android:fullBackupOnly="false"
45-->Qt_6_8_0_Clang_arm64_v8a-Debug\android-build\AndroidManifest.xml:14:208-238
46        android:hardwareAccelerated="true"
46-->Qt_6_8_0_Clang_arm64_v8a-Debug\android-build\AndroidManifest.xml:14:81-115
47        android:label="Mimo"
47-->Qt_6_8_0_Clang_arm64_v8a-Debug\android-build\AndroidManifest.xml:14:116-136
48        android:requestLegacyExternalStorage="true" >
48-->Qt_6_8_0_Clang_arm64_v8a-Debug\android-build\AndroidManifest.xml:14:137-180
49        <activity
49-->Qt_6_8_0_Clang_arm64_v8a-Debug\android-build\AndroidManifest.xml:15:9-22:20
50            android:name="org.qtproject.qt.android.bindings.QtActivity"
50-->Qt_6_8_0_Clang_arm64_v8a-Debug\android-build\AndroidManifest.xml:15:19-78
51            android:configChanges="orientation|uiMode|screenLayout|screenSize|smallestScreenSize|layoutDirection|locale|fontScale|keyboard|keyboardHidden|navigation|mcc|mnc|density"
51-->Qt_6_8_0_Clang_arm64_v8a-Debug\android-build\AndroidManifest.xml:15:79-248
52            android:exported="true"
52-->Qt_6_8_0_Clang_arm64_v8a-Debug\android-build\AndroidManifest.xml:15:320-343
53            android:label=""
53-->Qt_6_8_0_Clang_arm64_v8a-Debug\android-build\AndroidManifest.xml:15:344-360
54            android:launchMode="singleTop"
54-->Qt_6_8_0_Clang_arm64_v8a-Debug\android-build\AndroidManifest.xml:15:249-279
55            android:screenOrientation="unspecified" >
55-->Qt_6_8_0_Clang_arm64_v8a-Debug\android-build\AndroidManifest.xml:15:280-319
56            <intent-filter>
56-->Qt_6_8_0_Clang_arm64_v8a-Debug\android-build\AndroidManifest.xml:16:13-19:29
57                <action android:name="android.intent.action.MAIN" />
57-->Qt_6_8_0_Clang_arm64_v8a-Debug\android-build\AndroidManifest.xml:17:17-68
57-->Qt_6_8_0_Clang_arm64_v8a-Debug\android-build\AndroidManifest.xml:17:25-66
58
59                <category android:name="android.intent.category.LAUNCHER" />
59-->Qt_6_8_0_Clang_arm64_v8a-Debug\android-build\AndroidManifest.xml:18:17-76
59-->Qt_6_8_0_Clang_arm64_v8a-Debug\android-build\AndroidManifest.xml:18:27-74
60            </intent-filter>
61
62            <meta-data
62-->Qt_6_8_0_Clang_arm64_v8a-Debug\android-build\AndroidManifest.xml:20:13-82
63                android:name="android.app.lib_name"
63-->Qt_6_8_0_Clang_arm64_v8a-Debug\android-build\AndroidManifest.xml:20:24-59
64                android:value="Mimo" />
64-->Qt_6_8_0_Clang_arm64_v8a-Debug\android-build\AndroidManifest.xml:20:60-80
65            <meta-data
65-->Qt_6_8_0_Clang_arm64_v8a-Debug\android-build\AndroidManifest.xml:21:13-79
66                android:name="android.app.arguments"
66-->Qt_6_8_0_Clang_arm64_v8a-Debug\android-build\AndroidManifest.xml:21:24-60
67                android:value="" />
67-->Qt_6_8_0_Clang_arm64_v8a-Debug\android-build\AndroidManifest.xml:21:61-77
68        </activity>
69
70        <provider
71            android:name="androidx.core.content.FileProvider"
71-->Qt_6_8_0_Clang_arm64_v8a-Debug\android-build\AndroidManifest.xml:24:19-68
72            android:authorities="org.qtproject.example.Mimo.qtprovider"
72-->Qt_6_8_0_Clang_arm64_v8a-Debug\android-build\AndroidManifest.xml:24:69-118
73            android:exported="false"
73-->Qt_6_8_0_Clang_arm64_v8a-Debug\android-build\AndroidManifest.xml:24:119-143
74            android:grantUriPermissions="true" >
74-->Qt_6_8_0_Clang_arm64_v8a-Debug\android-build\AndroidManifest.xml:24:144-178
75            <meta-data
75-->Qt_6_8_0_Clang_arm64_v8a-Debug\android-build\AndroidManifest.xml:25:13-117
76                android:name="android.support.FILE_PROVIDER_PATHS"
76-->Qt_6_8_0_Clang_arm64_v8a-Debug\android-build\AndroidManifest.xml:25:24-74
77                android:resource="@xml/qtprovider_paths" />
77-->Qt_6_8_0_Clang_arm64_v8a-Debug\android-build\AndroidManifest.xml:25:75-115
78        </provider>
79        <provider
79-->[androidx.profileinstaller:profileinstaller:1.3.0] AndroidManifest.xml:24:9-32:20
80            android:name="androidx.startup.InitializationProvider"
80-->[androidx.profileinstaller:profileinstaller:1.3.0] AndroidManifest.xml:25:13-67
81            android:authorities="org.qtproject.example.Mimo.androidx-startup"
81-->[androidx.profileinstaller:profileinstaller:1.3.0] AndroidManifest.xml:26:13-68
82            android:exported="false" >
82-->[androidx.profileinstaller:profileinstaller:1.3.0] AndroidManifest.xml:27:13-37
83            <meta-data
83-->[androidx.profileinstaller:profileinstaller:1.3.0] AndroidManifest.xml:29:13-31:52
84                android:name="androidx.profileinstaller.ProfileInstallerInitializer"
84-->[androidx.profileinstaller:profileinstaller:1.3.0] AndroidManifest.xml:30:17-85
85                android:value="androidx.startup" />
85-->[androidx.profileinstaller:profileinstaller:1.3.0] AndroidManifest.xml:31:17-49
86        </provider>
87
88        <receiver
88-->[androidx.profileinstaller:profileinstaller:1.3.0] AndroidManifest.xml:34:9-52:20
89            android:name="androidx.profileinstaller.ProfileInstallReceiver"
89-->[androidx.profileinstaller:profileinstaller:1.3.0] AndroidManifest.xml:35:13-76
90            android:directBootAware="false"
90-->[androidx.profileinstaller:profileinstaller:1.3.0] AndroidManifest.xml:36:13-44
91            android:enabled="true"
91-->[androidx.profileinstaller:profileinstaller:1.3.0] AndroidManifest.xml:37:13-35
92            android:exported="true"
92-->[androidx.profileinstaller:profileinstaller:1.3.0] AndroidManifest.xml:38:13-36
93            android:permission="android.permission.DUMP" >
93-->[androidx.profileinstaller:profileinstaller:1.3.0] AndroidManifest.xml:39:13-57
94            <intent-filter>
94-->[androidx.profileinstaller:profileinstaller:1.3.0] AndroidManifest.xml:40:13-42:29
95                <action android:name="androidx.profileinstaller.action.INSTALL_PROFILE" />
95-->[androidx.profileinstaller:profileinstaller:1.3.0] AndroidManifest.xml:41:17-91
95-->[androidx.profileinstaller:profileinstaller:1.3.0] AndroidManifest.xml:41:25-88
96            </intent-filter>
97            <intent-filter>
97-->[androidx.profileinstaller:profileinstaller:1.3.0] AndroidManifest.xml:43:13-45:29
98                <action android:name="androidx.profileinstaller.action.SKIP_FILE" />
98-->[androidx.profileinstaller:profileinstaller:1.3.0] AndroidManifest.xml:44:17-85
98-->[androidx.profileinstaller:profileinstaller:1.3.0] AndroidManifest.xml:44:25-82
99            </intent-filter>
100            <intent-filter>
100-->[androidx.profileinstaller:profileinstaller:1.3.0] AndroidManifest.xml:46:13-48:29
101                <action android:name="androidx.profileinstaller.action.SAVE_PROFILE" />
101-->[androidx.profileinstaller:profileinstaller:1.3.0] AndroidManifest.xml:47:17-88
101-->[androidx.profileinstaller:profileinstaller:1.3.0] AndroidManifest.xml:47:25-85
102            </intent-filter>
103            <intent-filter>
103-->[androidx.profileinstaller:profileinstaller:1.3.0] AndroidManifest.xml:49:13-51:29
104                <action android:name="androidx.profileinstaller.action.BENCHMARK_OPERATION" />
104-->[androidx.profileinstaller:profileinstaller:1.3.0] AndroidManifest.xml:50:17-95
104-->[androidx.profileinstaller:profileinstaller:1.3.0] AndroidManifest.xml:50:25-92
105            </intent-filter>
106        </receiver>
107    </application>
108
109</manifest>